[debug] ----------------------------------------------------------------------
[debug] Command:      node /usr/local/bin/firebase serve
[debug] Platform:     darwin
[debug] Node Version: v0.12.2
[debug] Time:         Tue Apr 19 2016 19:42:42 GMT-0500 (CDT)
[debug] ----------------------------------------------------------------------
[debug] 
[info] Listening at http://localhost:5000
[debug] ----------------------------------------------------------------------
[debug] Command:      node /usr/local/bin/firebase serve
[debug] Platform:     darwin
[debug] Node Version: v0.12.2
[debug] Time:         Wed Apr 20 2016 19:59:13 GMT-0500 (CDT)
[debug] ----------------------------------------------------------------------
[debug] 
[info] Listening at http://localhost:5000
[debug] ----------------------------------------------------------------------
[debug] Command:      node /usr/local/bin/firebase serve
[debug] Platform:     darwin
[debug] Node Version: v0.12.7
[debug] Time:         Wed Apr 20 2016 21:23:24 GMT-0500 (CDT)
[debug] ----------------------------------------------------------------------
[debug] 
[info] Listening at http://localhost:5000
